#-----------------------------------------------------------
# Vivado v2024.2 (64-bit)
# SW Build 5239630 on Fri Nov 08 22:35:27 MST 2024
# IP Build 5239520 on Sun Nov 10 16:12:51 MST 2024
# SharedData Build 5239561 on Fri Nov 08 14:39:27 MST 2024
# Start of session at: Tue Jul 29 16:40:40 2025
# Process ID         : 30808
# Current directory  : C:/EN525.742_radio/vivado
# Command line       : vivado.exe -gui_launcher_event rodinguilauncherevent25696 C:\EN525.742_radio\vivado\radio_periph_lab.xpr
# Log file           : C:/EN525.742_radio/vivado/vivado.log
# Journal file       : C:/EN525.742_radio/vivado\vivado.jou
# Running On         : main-pc
# Platform           : Windows Server 2016 or Windows 10
# Operating System   : 26100
# Processor Detail   : Intel(R) Core(TM) i7-6700K CPU @ 4.00GHz
# CPU Frequency      : 4008 MHz
# CPU Physical cores : 4
# CPU Logical cores  : 8
# Host memory        : 34295 MB
# Swap memory        : 5100 MB
# Total Virtual      : 39396 MB
# Available Virtual  : 9087 MB
#-----------------------------------------------------------
start_gui
open_project C:/EN525.742_radio/vivado/radio_periph_lab.xpr
Scanning sources...
Finished scanning sources
INFO: [IP_Flow 19-234] Refreshing IP repositories
INFO: [IP_Flow 19-1700] Loaded user IP repository 'c:/EN525.742_radio/ip_repo'.
INFO: [IP_Flow 19-2313] Loaded Vivado IP repository 'C:/Xilinx/Vivado/2024.2/data/ip'.
WARNING: [Board 49-26] cannot add Board Part xilinx.com:zcu208ld:part0:2.0 available at C:/Xilinx/Vivado/2024.2/data/xhub/boards/XilinxBoardStore/boards/Xilinx/zcu208ld/production/2.0/board.xml as part xczu58dr-fsvg1517-2-i specified in board_part file is either invalid or not available
WARNING: [Board 49-26] cannot add Board Part xilinx.com:zcu216ld:part0:2.0 available at C:/Xilinx/Vivado/2024.2/data/xhub/boards/XilinxBoardStore/boards/Xilinx/zcu216ld/production/2.0/board.xml as part xczu59dr-ffvf1760-2-i specified in board_part file is either invalid or not available
WARNING: [Board 49-26] cannot add Board Part xilinx.com:zcu670ld:part0:1.0 available at C:/Xilinx/Vivado/2024.2/data/xhub/boards/XilinxBoardStore/boards/Xilinx/zcu670ld/1.0/board.xml as part xczu57dr-fsve1156-2-i specified in board_part file is either invalid or not available
INFO: [Project 1-5579] Found utility IPs instantiated in one or more block designs which have equivalent inline hdl with improved performance and reduced diskspace. It is recommended to migrate these utility IPs to inline hdl using the command upgrade_project -migrate_to_inline_hdl. The utility IPs may be deprecated in future releases. More information on inline hdl is available in UG994.
open_project: Time (s): cpu = 00:00:19 ; elapsed = 00:00:11 . Memory (MB): peak = 1362.516 ; gain = 310.602
update_compile_order -fileset sources_1
ipx::edit_ip_in_project -upgrade true -name full_radio_v1_0_project -directory C:/EN525.742_radio/vivado/radio_periph_lab.tmp/full_radio_v1_0_project c:/EN525.742_radio/ip_repo/full_radio/component.xml
INFO: [IP_Flow 19-234] Refreshing IP repositories
INFO: [IP_Flow 19-1704] No user IP repositories specified
INFO: [IP_Flow 19-2313] Loaded Vivado IP repository 'C:/Xilinx/Vivado/2024.2/data/ip'.
WARNING: [Board 49-26] cannot add Board Part xilinx.com:zcu208ld:part0:2.0 available at C:/Xilinx/Vivado/2024.2/data/xhub/boards/XilinxBoardStore/boards/Xilinx/zcu208ld/production/2.0/board.xml as part xczu58dr-fsvg1517-2-i specified in board_part file is either invalid or not available
WARNING: [Board 49-26] cannot add Board Part xilinx.com:zcu216ld:part0:2.0 available at C:/Xilinx/Vivado/2024.2/data/xhub/boards/XilinxBoardStore/boards/Xilinx/zcu216ld/production/2.0/board.xml as part xczu59dr-ffvf1760-2-i specified in board_part file is either invalid or not available
WARNING: [Board 49-26] cannot add Board Part xilinx.com:zcu670ld:part0:1.0 available at C:/Xilinx/Vivado/2024.2/data/xhub/boards/XilinxBoardStore/boards/Xilinx/zcu670ld/1.0/board.xml as part xczu57dr-fsve1156-2-i specified in board_part file is either invalid or not available
INFO: [IP_Flow 19-234] Refreshing IP repositories
INFO: [IP_Flow 19-1700] Loaded user IP repository 'c:/EN525.742_radio/ip_repo'.
INFO: [IP_Flow 19-795] Syncing license key meta-data
ipx::edit_ip_in_project: Time (s): cpu = 00:00:09 ; elapsed = 00:00:05 . Memory (MB): peak = 1411.664 ; gain = 28.824
current_project radio_periph_lab
current_project full_radio_v1_0_project
add_files -norecurse -copy_to c:/EN525.742_radio/ip_repo/full_radio/src {C:/soc/lab5/vivado/lab5.srcs/sources_1/ip/fir_compiler_0/fir_compiler_0.xci C:/soc/lab5/vivado/lab5.srcs/sources_1/ip/fir_compiler_1/fir_compiler_1.xci}
INFO: [IP_Flow 19-7005] Skipping external file c:/soc/lab5/vivado/lab5.srcs/sources_1/ip/fir1.coe
INFO: [IP_Flow 19-7005] Skipping external file c:/soc/lab5/vivado/lab5.srcs/sources_1/ip/fir2.coe
WARNING: [Vivado 12-13650] The IP file 'c:/EN525.742_radio/ip_repo/full_radio/src/fir_compiler_0/fir_compiler_0.xci' has been moved from its original location, as a result the outputs for this IP will now be generated in 'c:/EN525.742_radio/ip_repo/full_radio/src/fir_compiler_0'. Alternatively a copy of the IP can be imported into the project using one of the 'import_ip' or 'import_files' commands.
WARNING: [Vivado 12-13650] The IP file 'c:/EN525.742_radio/ip_repo/full_radio/src/fir_compiler_1/fir_compiler_1.xci' has been moved from its original location, as a result the outputs for this IP will now be generated in 'c:/EN525.742_radio/ip_repo/full_radio/src/fir_compiler_1'. Alternatively a copy of the IP can be imported into the project using one of the 'import_ip' or 'import_files' commands.
current_project radio_periph_lab
current_project full_radio_v1_0_project
update_compile_order -fileset sources_1
can't read "p_output_type": no such variable
can't read "p_output_type": no such variable
can't read "p_output_type": no such variable
can't read "p_output_type": no such variable
can't read "p_output_type": no such variable
can't read "p_output_type": no such variable
can't read "p_output_type": no such variable
add_files -norecurse -copy_to c:/EN525.742_radio/ip_repo/full_radio/src C:/soc/lab5/vivado/lab5.srcs/sources_1/ip/dds_compiler_0/dds_compiler_0.xci
CRITICAL WARNING: [IP_Flow 19-3389] Failed to import IP file 'C:/soc/lab5/vivado/lab5.srcs/sources_1/ip/dds_compiler_0/dds_compiler_0.xci': IP name 'dds_compiler_0' is already in use in this project.  Please choose a different name.

CRITICAL WARNING: [Vivado 12-1464] The source file 'C:/soc/lab5/vivado/lab5.srcs/sources_1/ip/dds_compiler_0/dds_compiler_0.xci' cannot be added to the fileset 'sources_1'.
add_files -norecurse -copy_to c:/EN525.742_radio/ip_repo/full_radio/src C:/soc/lab5/vivado/lab5.srcs/sources_1/ip/dds_compiler_1/dds_compiler_1.xci
WARNING: [IP_Flow 19-3664] IP 'dds_compiler_1' generated file not found 'c:/soc/lab5/vivado/lab5.gen/sources_1/ip/dds_compiler_1/dds_compiler_1.dcp'. Please regenerate to continue.
CRITICAL WARNING: [IP_Flow 19-4299] Failed to copy 'c:/soc/lab5/vivado/lab5.gen/sources_1/ip/dds_compiler_1/dds_compiler_1.dcp' to 'c:/EN525.742_radio/ip_repo/full_radio/src/dds_compiler_1/dds_compiler_1.dcp'
WARNING: [Vivado 12-13650] The IP file 'c:/EN525.742_radio/ip_repo/full_radio/src/dds_compiler_1/dds_compiler_1.xci' has been moved from its original location, as a result the outputs for this IP will now be generated in 'c:/EN525.742_radio/lab5.gen/sources_1/ip/dds_compiler_1'. Alternatively a copy of the IP can be imported into the project using one of the 'import_ip' or 'import_files' commands.
current_project radio_periph_lab
current_project full_radio_v1_0_project
update_compile_order -fileset sources_1
can't read "p_output_type": no such variable
can't read "p_output_type": no such variable
can't read "p_output_type": no such variable
can't read "p_output_type": no such variable
can't read "p_output_type": no such variable
can't read "p_output_type": no such variable
can't read "p_output_type": no such variable
can't read "p_output_type": no such variable
can't read "p_output_type": no such variable
can't read "p_output_type": no such variable
can't read "p_output_type": no such variable
can't read "p_output_type": no such variable
set_property CONFIG.Output_Selection {Sine} [get_ips dds_compiler_1]
current_project radio_periph_lab
current_project full_radio_v1_0_project
generate_target all [get_files  c:/EN525.742_radio/ip_repo/full_radio/src/dds_compiler_1/dds_compiler_1.xci]
INFO: [IP_Flow 19-1686] Generating 'Instantiation Template' target for IP 'dds_compiler_1'...
INFO: [IP_Flow 19-1686] Generating 'Synthesis' target for IP 'dds_compiler_1'...
INFO: [IP_Flow 19-1686] Generating 'Simulation' target for IP 'dds_compiler_1'...
INFO: [IP_Flow 19-1686] Generating 'C Simulation' target for IP 'dds_compiler_1'...
INFO: [IP_Flow 19-1686] Generating 'Test Bench' target for IP 'dds_compiler_1'...
INFO: [IP_Flow 19-1686] Generating 'Change Log' target for IP 'dds_compiler_1'...
catch { config_ip_cache -export [get_ips -all dds_compiler_1] }
INFO: [IP_Flow 19-6924] IPCACHE: Running cache check for IP inst: dds_compiler_1
export_ip_user_files -of_objects [get_files c:/EN525.742_radio/ip_repo/full_radio/src/dds_compiler_1/dds_compiler_1.xci] -no_script -sync -force -quiet
create_ip_run [get_files -of_objects [get_fileset sources_1] c:/EN525.742_radio/ip_repo/full_radio/src/dds_compiler_1/dds_compiler_1.xci]
current_project radio_periph_lab
current_project full_radio_v1_0_project
launch_runs dds_compiler_1_synth_1 -jobs 4
INFO: [IP_Flow 19-6924] IPCACHE: Running cache check for IP inst: dds_compiler_1
[Tue Jul 29 16:54:47 2025] Launched dds_compiler_1_synth_1...
Run output will be captured here: c:/en525.742_radio/vivado/radio_periph_lab.tmp/full_radio_v1_0_project/full_radio_v1_0_project.runs/dds_compiler_1_synth_1/runme.log
export_simulation -lib_map_path [list {modelsim=c:/en525.742_radio/vivado/radio_periph_lab.tmp/full_radio_v1_0_project/full_radio_v1_0_project.cache/compile_simlib/modelsim} {questa=c:/en525.742_radio/vivado/radio_periph_lab.tmp/full_radio_v1_0_project/full_radio_v1_0_project.cache/compile_simlib/questa} {riviera=c:/en525.742_radio/vivado/radio_periph_lab.tmp/full_radio_v1_0_project/full_radio_v1_0_project.cache/compile_simlib/riviera} {activehdl=c:/en525.742_radio/vivado/radio_periph_lab.tmp/full_radio_v1_0_project/full_radio_v1_0_project.cache/compile_simlib/activehdl}] -of_objects [get_files c:/EN525.742_radio/ip_repo/full_radio/src/dds_compiler_1/dds_compiler_1.xci] -directory c:/en525.742_radio/vivado/radio_periph_lab.tmp/full_radio_v1_0_project/full_radio_v1_0_project.ip_user_files/sim_scripts -ip_user_files_dir c:/en525.742_radio/vivado/radio_periph_lab.tmp/full_radio_v1_0_project/full_radio_v1_0_project.ip_user_files -ipstatic_source_dir c:/en525.742_radio/vivado/radio_periph_lab.tmp/full_radio_v1_0_project/full_radio_v1_0_project.ip_user_files/ipstatic -use_ip_compiled_libs -force -quiet
current_project radio_periph_lab
current_project full_radio_v1_0_project
WARNING: [filemgmt 56-199] Attempt to get parsing info during refresh. "On-the-fly" syntax checking information may be incorrect. [c:\EN525.742_radio\lab5.gen\sources_1\ip\dds_compiler_1\synth\dds_compiler_1.vhd:]
WARNING: [filemgmt 56-199] Attempt to get parsing info during refresh. "On-the-fly" syntax checking information may be incorrect. [c:\EN525.742_radio\ip_repo\full_radio\hdl\full_radio_v1_0_S00_AXI.vhd:]
WARNING: [filemgmt 56-199] Attempt to get parsing info during refresh. "On-the-fly" syntax checking information may be incorrect. [c:\EN525.742_radio\lab5.gen\sources_1\ip\dds_compiler_1\synth\dds_compiler_1.vhd:]
WARNING: [filemgmt 56-199] Attempt to get parsing info during refresh. "On-the-fly" syntax checking information may be incorrect. [c:\EN525.742_radio\lab5.gen\sources_1\ip\dds_compiler_1\synth\dds_compiler_1.vhd:]
ERROR: [Common 17-180] Spawn failed: No error
can't read "p_output_type": no such variable
can't read "p_output_type": no such variable
can't read "p_output_type": no such variable
can't read "p_output_type": no such variable
can't read "p_output_type": no such variable
can't read "p_output_type": no such variable
can't read "p_output_type": no such variable
can't read "p_output_type": no such variable
can't read "p_output_type": no such variable
can't read "p_output_type": no such variable
can't read "p_output_type": no such variable
can't read "p_output_type": no such variable
can't read "p_output_type": no such variable
can't read "p_output_type": no such variable
update_compile_order -fileset sources_1
update_compile_order -fileset sources_1
update_compile_order -fileset sources_1
update_compile_order -fileset sources_1
